
Lmod is automatically replacing "nvidia/25.5" with "gcc-native/14".


Lmod is automatically replacing "PrgEnv-nvidia/8.6.0" with "PrgEnv-gnu/8.6.0".


Due to MODULEPATH changes, the following have been reloaded:
  1) cray-mpich/9.0.1

2026-04-11 16:37:58.087288: E external/local_xla/xla/stream_executor/cuda/cuda_dnn.cc:9261] Unable to register cuDNN factory: Attempting to register factory for plugin cuDNN when one has already been registered
2026-04-11 16:37:58.089421: E external/local_xla/xla/stream_executor/cuda/cuda_fft.cc:607] Unable to register cuFFT factory: Attempting to register factory for plugin cuFFT when one has already been registered
2026-04-11 16:37:58.275807: E external/local_xla/xla/stream_executor/cuda/cuda_blas.cc:1515] Unable to register cuBLAS factory: Attempting to register factory for plugin cuBLAS when one has already been registered
2026-04-11 16:37:58.705883: I tensorflow/core/platform/cpu_feature_guard.cc:182] This TensorFlow binary is optimized to use available CPU instructions in performance-critical operations.
To enable the following instructions: AVX2 FMA, in other operations, rebuild TensorFlow with the appropriate compiler flags.
2026-04-11 16:38:01.764890: W tensorflow/compiler/tf2tensorrt/utils/py_utils.cc:38] TF-TRT Warning: Could not find TensorRT
2026-04-11 16:38:07.118441: W tensorflow/core/common_runtime/gpu/gpu_device.cc:2256] Cannot dlopen some GPU libraries. Please make sure the missing libraries mentioned above are installed properly if you would like to use GPU. Follow the guide at https://www.tensorflow.org/install/gpu for how to download and setup the required libraries for your platform.
Skipping registering GPU devices...
Traceback (most recent call last):
  File "/home/stevens/pvmol-gen/env_check_polaris.py", line 87, in <module>
    test_model = model.LSTMAttModel.create(
                 ^^^^^^^^^^^^^^^^^^^^^^^^^^
  File "/home/stevens/pvmol-gen/smilesx_lib/SMILESX/model.py", line 222, in create
    if (dense_depth is not None or dense_depth > 0):
                                   ^^^^^^^^^^^^^^^
TypeError: '>' not supported between instances of 'NoneType' and 'int'
