
Lmod is automatically replacing "nvidia/25.5" with "gcc-native/14".


Lmod is automatically replacing "PrgEnv-nvidia/8.6.0" with "PrgEnv-gnu/8.6.0".


Due to MODULEPATH changes, the following have been reloaded:
  1) cray-mpich/9.0.1

/home/stevens/pvmol-gen/smilesx_lib/SMILESX/token.py:99: SyntaxWarning: invalid escape sequence '\*'
  patterns = "(\*|" +\
/home/stevens/pvmol-gen/smilesx_lib/SMILESX/token.py:102: SyntaxWarning: invalid escape sequence '\['
  "\[.*?\]|" +\
/home/stevens/pvmol-gen/smilesx_lib/SMILESX/token.py:103: SyntaxWarning: invalid escape sequence '\$'
  "-|=|#|\$|:|/|\\|\.|" +\
/home/stevens/pvmol-gen/smilesx_lib/SMILESX/token.py:104: SyntaxWarning: invalid escape sequence '\%'
  "[0-9]|\%[0-9]{2}|" +\
/home/stevens/pvmol-gen/smilesx_lib/SMILESX/token.py:105: SyntaxWarning: invalid escape sequence '\('
  "\(|\))"
Traceback (most recent call last):
  File "<stdin>", line 42, in <module>
  File "/home/stevens/pvmol-gen/smilesx_lib/SMILESX/main.py", line 48, in <module>
    from SMILESX import model, geomopt, bayopt
  File "/home/stevens/pvmol-gen/smilesx_lib/SMILESX/bayopt.py", line 12, in <module>
    import optuna
ModuleNotFoundError: No module named 'optuna'
