
Lmod is automatically replacing "nvidia/25.5" with "gcc-native/14".


Lmod is automatically replacing "PrgEnv-nvidia/8.6.0" with "PrgEnv-gnu/8.6.0".


Due to MODULEPATH changes, the following have been reloaded:
  1) cray-mpich/9.0.1

/home/stevens/.conda/envs/smilesx/lib/python3.11/site-packages/scipy/__init__.py:132: UserWarning: A NumPy version >=1.21.6 and <1.28.0 is required for this version of SciPy (detected version 2.4.4)
  warnings.warn(f"A NumPy version >={np_minversion} and <{np_maxversion}"

A module that was compiled using NumPy 1.x cannot be run in
NumPy 2.4.4 as it may crash. To support both 1.x and 2.x
versions of NumPy, modules must be compiled with NumPy 2.0.
Some module may need to rebuild instead e.g. with 'pybind11>=2.12'.

If you are a user of the module, the easiest solution will be to
downgrade to 'numpy<2' or try to upgrade the affected module.
We expect that some modules will need time to support NumPy 2.

Traceback (most recent call last):  File "<string>", line 19, in <module>
  File "/home/stevens/.conda/envs/smilesx/lib/python3.11/site-packages/pycalphad/__init__.py", line 6, in <module>
    import pycalphad.variables as v
  File "/home/stevens/.conda/envs/smilesx/lib/python3.11/site-packages/pycalphad/variables.py", line 9, in <module>
    from pycalphad.property_framework.types import JanssonDerivativeDeltas
  File "/home/stevens/.conda/envs/smilesx/lib/python3.11/site-packages/pycalphad/property_framework/__init__.py", line 1, in <module>
    from .computed_property import as_property, ModelComputedProperty, JanssonDerivative
  File "/home/stevens/.conda/envs/smilesx/lib/python3.11/site-packages/pycalphad/property_framework/computed_property.py", line 7, in <module>
    from pycalphad.core.solver import Solver
  File "/home/stevens/.conda/envs/smilesx/lib/python3.11/site-packages/pycalphad/core/solver.py", line 3, in <module>
    from pycalphad.core.minimizer import SystemSpecification
  File "/home/stevens/.conda/envs/smilesx/lib/python3.11/site-packages/scipy/linalg/__init__.py", line 206, in <module>
    from ._misc import *
  File "/home/stevens/.conda/envs/smilesx/lib/python3.11/site-packages/scipy/linalg/_misc.py", line 3, in <module>
    from .blas import get_blas_funcs
  File "/home/stevens/.conda/envs/smilesx/lib/python3.11/site-packages/scipy/linalg/blas.py", line 213, in <module>
    from scipy.linalg import _fblas
AttributeError: _ARRAY_API not found
Traceback (most recent call last):
  File "<string>", line 19, in <module>
  File "/home/stevens/.conda/envs/smilesx/lib/python3.11/site-packages/pyscf/__init__.py", line 97, in <module>
    from pyscf import lib
  File "/home/stevens/.conda/envs/smilesx/lib/python3.11/site-packages/pyscf/lib/__init__.py", line 24, in <module>
    from pyscf.lib import numpy_helper
  File "/home/stevens/.conda/envs/smilesx/lib/python3.11/site-packages/pyscf/lib/numpy_helper.py", line 27, in <module>
    import scipy.special
  File "/home/stevens/.conda/envs/smilesx/lib/python3.11/site-packages/scipy/special/__init__.py", line 772, in <module>
    from . import _ufuncs
  File "scipy/special/_ufuncs.pyx", line 1, in init scipy.special._ufuncs
ValueError: numpy.dtype size changed, may indicate binary incompatibility. Expected 96 from C header, got 88 from PyObject
