
Lmod is automatically replacing "nvidia/25.5" with "gcc-native/14".


Lmod is automatically replacing "PrgEnv-nvidia/8.6.0" with "PrgEnv-gnu/8.6.0".


Due to MODULEPATH changes, the following have been reloaded:
  1) cray-mpich/9.0.1

2026-04-09 19:10:59.346060: E external/local_xla/xla/stream_executor/cuda/cuda_dnn.cc:9261] Unable to register cuDNN factory: Attempting to register factory for plugin cuDNN when one has already been registered
2026-04-09 19:10:59.348037: E external/local_xla/xla/stream_executor/cuda/cuda_fft.cc:607] Unable to register cuFFT factory: Attempting to register factory for plugin cuFFT when one has already been registered
2026-04-09 19:10:59.533885: E external/local_xla/xla/stream_executor/cuda/cuda_blas.cc:1515] Unable to register cuBLAS factory: Attempting to register factory for plugin cuBLAS when one has already been registered
2026-04-09 19:10:59.961247: I tensorflow/core/platform/cpu_feature_guard.cc:182] This TensorFlow binary is optimized to use available CPU instructions in performance-critical operations.
To enable the following instructions: AVX2 FMA, in other operations, rebuild TensorFlow with the appropriate compiler flags.
2026-04-09 19:11:03.589951: W tensorflow/compiler/tf2tensorrt/utils/py_utils.cc:38] TF-TRT Warning: Could not find TensorRT
=>> PBS: job killed: walltime 3627 exceeded limit 3600

Lmod is automatically replacing "nvidia/25.5" with "gcc-native/14".


Lmod is automatically replacing "PrgEnv-nvidia/8.6.0" with "PrgEnv-gnu/8.6.0".


Due to MODULEPATH changes, the following have been reloaded:
  1) cray-mpich/9.0.1

2026-04-09 20:41:48.685590: E external/local_xla/xla/stream_executor/cuda/cuda_dnn.cc:9261] Unable to register cuDNN factory: Attempting to register factory for plugin cuDNN when one has already been registered
2026-04-09 20:41:48.687812: E external/local_xla/xla/stream_executor/cuda/cuda_fft.cc:607] Unable to register cuFFT factory: Attempting to register factory for plugin cuFFT when one has already been registered
2026-04-09 20:41:48.877374: E external/local_xla/xla/stream_executor/cuda/cuda_blas.cc:1515] Unable to register cuBLAS factory: Attempting to register factory for plugin cuBLAS when one has already been registered
2026-04-09 20:41:49.313176: I tensorflow/core/platform/cpu_feature_guard.cc:182] This TensorFlow binary is optimized to use available CPU instructions in performance-critical operations.
To enable the following instructions: AVX2 FMA, in other operations, rebuild TensorFlow with the appropriate compiler flags.
2026-04-09 20:41:52.583009: W tensorflow/compiler/tf2tensorrt/utils/py_utils.cc:38] TF-TRT Warning: Could not find TensorRT
=>> PBS: job killed: walltime 10851 exceeded limit 10800

Lmod is automatically replacing "nvidia/25.5" with "gcc-native/14".


Lmod is automatically replacing "PrgEnv-nvidia/8.6.0" with "PrgEnv-gnu/8.6.0".


Due to MODULEPATH changes, the following have been reloaded:
  1) cray-mpich/9.0.1

WARNING: All log messages before absl::InitializeLog() is called are written to STDERR
I0000 00:00:1775789960.940665 3222059 cpu_feature_guard.cc:210] This TensorFlow binary is optimized to use available CPU instructions in performance-critical operations.
To enable the following instructions: SSE3 SSE4.1 SSE4.2 AVX AVX2 FMA, in other operations, rebuild TensorFlow with the appropriate compiler flags.

Lmod is automatically replacing "nvidia/25.5" with "gcc-native/14".


Lmod is automatically replacing "PrgEnv-nvidia/8.6.0" with "PrgEnv-gnu/8.6.0".


Due to MODULEPATH changes, the following have been reloaded:
  1) cray-mpich/9.0.1

WARNING: All log messages before absl::InitializeLog() is called are written to STDERR
I0000 00:00:1775791428.931467 2372444 cpu_feature_guard.cc:210] This TensorFlow binary is optimized to use available CPU instructions in performance-critical operations.
To enable the following instructions: SSE3 SSE4.1 SSE4.2 AVX AVX2 FMA, in other operations, rebuild TensorFlow with the appropriate compiler flags.

Lmod is automatically replacing "nvidia/25.5" with "gcc-native/14".


Lmod is automatically replacing "PrgEnv-nvidia/8.6.0" with "PrgEnv-gnu/8.6.0".


Due to MODULEPATH changes, the following have been reloaded:
  1) cray-mpich/9.0.1

WARNING: All log messages before absl::InitializeLog() is called are written to STDERR
I0000 00:00:1775791954.143233 2376989 cpu_feature_guard.cc:210] This TensorFlow binary is optimized to use available CPU instructions in performance-critical operations.
To enable the following instructions: SSE3 SSE4.1 SSE4.2 AVX AVX2 FMA, in other operations, rebuild TensorFlow with the appropriate compiler flags.

Lmod is automatically replacing "nvidia/25.5" with "gcc-native/14".


Lmod is automatically replacing "PrgEnv-nvidia/8.6.0" with "PrgEnv-gnu/8.6.0".


Due to MODULEPATH changes, the following have been reloaded:
  1) cray-mpich/9.0.1

WARNING: All log messages before absl::InitializeLog() is called are written to STDERR
I0000 00:00:1775792114.254522 2379201 cpu_feature_guard.cc:210] This TensorFlow binary is optimized to use available CPU instructions in performance-critical operations.
To enable the following instructions: SSE3 SSE4.1 SSE4.2 AVX AVX2 FMA, in other operations, rebuild TensorFlow with the appropriate compiler flags.

Lmod is automatically replacing "nvidia/25.5" with "gcc-native/14".


Lmod is automatically replacing "PrgEnv-nvidia/8.6.0" with "PrgEnv-gnu/8.6.0".


Due to MODULEPATH changes, the following have been reloaded:
  1) cray-mpich/9.0.1

WARNING: All log messages before absl::InitializeLog() is called are written to STDERR
I0000 00:00:1775793977.453019 2392304 cpu_feature_guard.cc:210] This TensorFlow binary is optimized to use available CPU instructions in performance-critical operations.
To enable the following instructions: SSE3 SSE4.1 SSE4.2 AVX AVX2 FMA, in other operations, rebuild TensorFlow with the appropriate compiler flags.
