device=cuda, model=rvae
params: 2.83 M
ep 001/80  beta=0.000  tr_loss= 196.957 rec= 196.957 kl=59504.406  val_loss= 198.616 rec= 198.616 kl=529939.618  (12.2s)
ep 002/80  beta=0.100  tr_loss=1497.398 rec= 450.280 kl=10471.183  val_loss= 180.759 rec= 178.405 kl=23.540  (6.6s)
ep 003/80  beta=0.200  tr_loss= 179.803 rec= 178.107 kl= 8.479  val_loss= 178.438 rec= 177.144 kl= 6.473  (6.6s)
ep 004/80  beta=0.300  tr_loss= 178.245 rec= 177.431 kl= 2.715  val_loss= 177.530 rec= 176.959 kl= 1.902  (6.6s)
ep 005/80  beta=0.400  tr_loss= 177.520 rec= 176.802 kl= 1.795  val_loss= 177.693 rec= 176.936 kl= 1.892  (6.6s)
ep 006/80  beta=0.500  tr_loss= 177.651 rec= 176.809 kl= 1.684  val_loss= 178.013 rec= 177.166 kl= 1.694  (6.6s)
ep 007/80  beta=0.600  tr_loss= 177.809 rec= 176.856 kl= 1.589  val_loss= 177.986 rec= 177.031 kl= 1.592  (6.6s)
ep 008/80  beta=0.700  tr_loss= 178.006 rec= 176.950 kl= 1.509  val_loss= 178.079 rec= 177.024 kl= 1.507  (6.6s)
ep 009/80  beta=0.800  tr_loss= 178.084 rec= 176.947 kl= 1.421  val_loss= 178.290 rec= 177.197 kl= 1.366  (6.5s)
ep 010/80  beta=0.900  tr_loss= 178.224 rec= 176.988 kl= 1.374  val_loss= 178.306 rec= 177.097 kl= 1.343  (6.5s)
ep 011/80  beta=1.000  tr_loss= 178.383 rec= 177.034 kl= 1.350  val_loss= 178.818 rec= 176.988 kl= 1.829  (6.5s)
ep 012/80  beta=1.000  tr_loss= 178.641 rec= 177.202 kl= 1.439  val_loss= 178.547 rec= 177.259 kl= 1.288  (6.6s)
ep 013/80  beta=1.000  tr_loss= 178.348 rec= 177.012 kl= 1.336  val_loss= 178.610 rec= 177.314 kl= 1.296  (6.6s)
ep 014/80  beta=1.000  tr_loss= 178.259 rec= 176.944 kl= 1.315  val_loss= 178.767 rec= 177.465 kl= 1.302  (6.6s)
ep 015/80  beta=1.000  tr_loss= 178.275 rec= 176.964 kl= 1.311  val_loss= 178.403 rec= 177.091 kl= 1.313  (6.6s)
ep 016/80  beta=1.000  tr_loss= 178.232 rec= 176.914 kl= 1.319  val_loss= 178.580 rec= 177.388 kl= 1.192  (6.6s)
ep 017/80  beta=1.000  tr_loss= 178.217 rec= 176.889 kl= 1.328  val_loss= 178.415 rec= 177.009 kl= 1.406  (6.6s)
ep 018/80  beta=1.000  tr_loss= 178.174 rec= 176.877 kl= 1.297  val_loss= 178.347 rec= 176.975 kl= 1.373  (6.5s)
ep 019/80  beta=1.000  tr_loss= 178.168 rec= 176.847 kl= 1.321  val_loss= 178.504 rec= 177.147 kl= 1.356  (6.5s)
ep 020/80  beta=1.000  tr_loss= 178.172 rec= 176.854 kl= 1.318  val_loss= 178.502 rec= 177.217 kl= 1.285  (6.6s)
ep 021/80  beta=1.000  tr_loss= 178.119 rec= 176.799 kl= 1.320  val_loss= 178.330 rec= 177.015 kl= 1.315  (6.5s)
ep 022/80  beta=1.000  tr_loss= 178.118 rec= 176.804 kl= 1.313  val_loss= 178.317 rec= 176.978 kl= 1.340  (6.5s)
ep 023/80  beta=1.000  tr_loss= 178.104 rec= 176.761 kl= 1.344  val_loss= 178.371 rec= 177.015 kl= 1.356  (6.5s)
ep 024/80  beta=1.000  tr_loss= 178.094 rec= 176.791 kl= 1.302  val_loss= 178.322 rec= 177.074 kl= 1.248  (6.5s)
ep 025/80  beta=1.000  tr_loss= 178.100 rec= 176.782 kl= 1.318  val_loss= 178.330 rec= 176.959 kl= 1.371  (6.5s)
ep 026/80  beta=1.000  tr_loss= 178.082 rec= 176.763 kl= 1.319  val_loss= 178.351 rec= 176.979 kl= 1.372  (6.5s)
ep 027/80  beta=1.000  tr_loss= 177.972 rec= 176.649 kl= 1.323  val_loss= 178.137 rec= 176.885 kl= 1.252  (6.6s)
ep 028/80  beta=1.000  tr_loss= 177.794 rec= 176.448 kl= 1.346  val_loss= 177.736 rec= 176.341 kl= 1.396  (6.6s)
ep 029/80  beta=1.000  tr_loss= 176.242 rec= 174.743 kl= 1.498  val_loss= 176.295 rec= 174.709 kl= 1.587  (6.6s)
ep 030/80  beta=1.000  tr_loss= 174.414 rec= 172.779 kl= 1.635  val_loss= 174.294 rec= 172.619 kl= 1.675  (6.6s)
ep 031/80  beta=1.000  tr_loss= 172.253 rec= 170.557 kl= 1.696  val_loss= 174.589 rec= 172.861 kl= 1.727  (6.5s)
ep 032/80  beta=1.000  tr_loss= 168.579 rec= 166.759 kl= 1.819  val_loss= 170.804 rec= 169.007 kl= 1.797  (6.6s)
ep 033/80  beta=1.000  tr_loss= 166.575 rec= 164.663 kl= 1.912  val_loss= 165.325 rec= 163.357 kl= 1.968  (6.5s)
ep 034/80  beta=1.000  tr_loss= 163.541 rec= 161.495 kl= 2.047  val_loss= 162.863 rec= 160.677 kl= 2.186  (6.6s)
ep 035/80  beta=1.000  tr_loss= 161.656 rec= 159.484 kl= 2.172  val_loss= 160.200 rec= 157.916 kl= 2.284  (6.5s)
ep 036/80  beta=1.000  tr_loss= 158.652 rec= 156.348 kl= 2.305  val_loss= 156.671 rec= 154.350 kl= 2.322  (6.5s)
ep 037/80  beta=1.000  tr_loss= 157.467 rec= 155.074 kl= 2.393  val_loss= 158.742 rec= 156.320 kl= 2.422  (6.5s)
ep 038/80  beta=1.000  tr_loss= 153.999 rec= 151.495 kl= 2.504  val_loss= 154.160 rec= 151.692 kl= 2.468  (6.5s)
ep 039/80  beta=1.000  tr_loss= 150.779 rec= 148.157 kl= 2.622  val_loss= 148.446 rec= 145.776 kl= 2.670  (6.6s)
ep 040/80  beta=1.000  tr_loss= 148.305 rec= 145.607 kl= 2.698  val_loss= 145.138 rec= 142.410 kl= 2.728  (6.6s)
ep 041/80  beta=1.000  tr_loss= 143.701 rec= 140.917 kl= 2.785  val_loss= 141.602 rec= 138.776 kl= 2.826  (6.6s)
ep 042/80  beta=1.000  tr_loss= 141.403 rec= 138.558 kl= 2.845  val_loss= 151.661 rec= 148.798 kl= 2.862  (6.6s)
ep 043/80  beta=1.000  tr_loss= 138.421 rec= 135.530 kl= 2.891  val_loss= 139.073 rec= 136.097 kl= 2.976  (6.5s)
ep 044/80  beta=1.000  tr_loss= 136.606 rec= 133.682 kl= 2.924  val_loss= 131.837 rec= 128.847 kl= 2.989  (6.6s)
ep 045/80  beta=1.000  tr_loss= 131.598 rec= 128.603 kl= 2.995  val_loss= 134.172 rec= 131.232 kl= 2.940  (6.6s)
ep 046/80  beta=1.000  tr_loss= 127.248 rec= 124.192 kl= 3.057  val_loss= 126.111 rec= 123.003 kl= 3.108  (6.6s)
ep 047/80  beta=1.000  tr_loss= 124.424 rec= 121.279 kl= 3.145  val_loss= 127.291 rec= 124.116 kl= 3.175  (6.6s)
ep 048/80  beta=1.000  tr_loss= 121.897 rec= 118.709 kl= 3.188  val_loss= 120.604 rec= 117.382 kl= 3.222  (6.6s)
ep 049/80  beta=1.000  tr_loss= 123.378 rec= 120.179 kl= 3.199  val_loss= 122.072 rec= 118.850 kl= 3.221  (6.6s)
ep 050/80  beta=1.000  tr_loss= 116.949 rec= 113.668 kl= 3.281  val_loss= 114.148 rec= 110.856 kl= 3.292  (6.5s)
ep 051/80  beta=1.000  tr_loss= 113.531 rec= 110.219 kl= 3.311  val_loss= 115.437 rec= 112.169 kl= 3.269  (6.6s)
ep 052/80  beta=1.000  tr_loss= 112.878 rec= 109.580 kl= 3.298  val_loss= 112.707 rec= 109.366 kl= 3.341  (6.5s)
ep 053/80  beta=1.000  tr_loss= 111.357 rec= 108.024 kl= 3.334  val_loss= 116.263 rec= 112.857 kl= 3.406  (6.6s)
ep 054/80  beta=1.000  tr_loss= 109.279 rec= 105.906 kl= 3.373  val_loss= 110.100 rec= 106.710 kl= 3.389  (6.6s)
ep 055/80  beta=1.000  tr_loss= 108.170 rec= 104.761 kl= 3.409  val_loss= 109.607 rec= 106.117 kl= 3.490  (6.6s)
ep 056/80  beta=1.000  tr_loss= 104.492 rec= 101.082 kl= 3.409  val_loss= 103.469 rec=  99.982 kl= 3.487  (6.6s)
ep 057/80  beta=1.000  tr_loss= 102.721 rec=  99.266 kl= 3.456  val_loss= 100.301 rec=  96.829 kl= 3.471  (6.6s)
ep 058/80  beta=1.000  tr_loss=  99.416 rec=  95.960 kl= 3.456  val_loss=  97.528 rec=  94.047 kl= 3.481  (6.6s)
ep 059/80  beta=1.000  tr_loss= 100.992 rec=  97.491 kl= 3.502  val_loss= 111.450 rec= 107.937 kl= 3.512  (6.6s)
ep 060/80  beta=1.000  tr_loss=  98.586 rec=  95.074 kl= 3.512  val_loss=  96.171 rec=  92.676 kl= 3.495  (6.6s)
ep 061/80  beta=1.000  tr_loss=  98.682 rec=  95.172 kl= 3.510  val_loss=  99.285 rec=  95.810 kl= 3.475  (6.5s)
ep 062/80  beta=1.000  tr_loss=  96.257 rec=  92.737 kl= 3.520  val_loss= 102.634 rec=  99.082 kl= 3.552  (6.5s)
ep 063/80  beta=1.000  tr_loss=  95.503 rec=  91.971 kl= 3.531  val_loss= 102.500 rec=  98.991 kl= 3.509  (6.6s)
ep 064/80  beta=1.000  tr_loss=  93.211 rec=  89.652 kl= 3.559  val_loss= 108.487 rec= 104.831 kl= 3.656  (6.5s)
ep 065/80  beta=1.000  tr_loss=  91.357 rec=  87.781 kl= 3.577  val_loss=  90.739 rec=  87.112 kl= 3.626  (6.5s)
ep 066/80  beta=1.000  tr_loss=  90.253 rec=  86.656 kl= 3.596  val_loss= 105.319 rec= 101.634 kl= 3.686  (6.5s)
ep 067/80  beta=1.000  tr_loss=  90.760 rec=  87.148 kl= 3.612  val_loss=  91.602 rec=  87.987 kl= 3.615  (6.6s)
ep 068/80  beta=1.000  tr_loss=  90.278 rec=  86.681 kl= 3.597  val_loss=  83.579 rec=  79.942 kl= 3.637  (6.5s)
ep 069/80  beta=1.000  tr_loss=  84.280 rec=  80.629 kl= 3.651  val_loss= 108.874 rec= 105.255 kl= 3.619  (6.5s)
ep 070/80  beta=1.000  tr_loss=  87.664 rec=  83.986 kl= 3.677  val_loss= 130.915 rec= 127.132 kl= 3.782  (6.6s)
ep 071/80  beta=1.000  tr_loss=  93.075 rec=  89.494 kl= 3.581  val_loss=  86.165 rec=  82.463 kl= 3.703  (6.6s)
ep 072/80  beta=1.000  tr_loss=  84.102 rec=  80.417 kl= 3.685  val_loss=  85.493 rec=  81.732 kl= 3.761  (6.6s)
ep 073/80  beta=1.000  tr_loss=  81.435 rec=  77.716 kl= 3.719  val_loss=  81.891 rec=  78.177 kl= 3.713  (6.6s)
ep 074/80  beta=1.000  tr_loss=  78.457 rec=  74.718 kl= 3.739  val_loss= 102.787 rec=  99.069 kl= 3.718  (6.6s)
ep 075/80  beta=1.000  tr_loss=  78.811 rec=  75.077 kl= 3.734  val_loss=  78.054 rec=  74.268 kl= 3.786  (6.6s)
ep 076/80  beta=1.000  tr_loss=  75.430 rec=  71.663 kl= 3.767  val_loss=  79.241 rec=  75.409 kl= 3.832  (6.6s)
ep 077/80  beta=1.000  tr_loss=  73.175 rec=  69.387 kl= 3.788  val_loss=  75.821 rec=  71.992 kl= 3.829  (6.5s)
ep 078/80  beta=1.000  tr_loss=  76.220 rec=  72.446 kl= 3.774  val_loss=  77.335 rec=  73.606 kl= 3.728  (6.5s)
ep 079/80  beta=1.000  tr_loss=  72.295 rec=  68.514 kl= 3.782  val_loss=  77.037 rec=  73.222 kl= 3.814  (6.5s)
ep 080/80  beta=1.000  tr_loss=  75.164 rec=  71.368 kl= 3.797  val_loss=  82.876 rec=  79.097 kl= 3.779  (6.5s)
correlations: {
  "z_vs_gt": {
    "z0_vs_a": 0.147910013794899,
    "z1_vs_a": 0.9929969310760498,
    "z0_vs_theta": 0.010765060782432556,
    "z1_vs_theta": 0.01580321229994297,
    "z0_vs_tx": 0.028855564072728157,
    "z1_vs_tx": 0.029443150386214256,
    "z0_vs_ty": 0.004066978115588427,
    "z1_vs_ty": 0.0005940483533777297
  },
  "nuis_vs_gt": {
    "pred_theta_vs_theta(circ)": 0.03200477361679077,
    "pred_tx_vs_tx": 0.052480313926935196,
    "pred_ty_vs_ty": 0.017611414194107056
  }
}
done -> /home/stevens/replicate_2439897/run
