device=cuda, model=vae
params: 5.52 M
ep 001/80  beta=0.000  tr_loss= 264.603 rec= 264.603 kl=46320724.420  val_loss= 255.997 rec= 255.997 kl=57363108.608  (11.2s)
ep 002/80  beta=0.100  tr_loss=53801.467 rec= 198.560 kl=536029.049  val_loss= 179.227 rec= 178.453 kl= 7.743  (6.1s)
ep 003/80  beta=0.200  tr_loss= 178.756 rec= 177.695 kl= 5.301  val_loss= 177.629 rec= 176.635 kl= 4.967  (6.1s)
ep 004/80  beta=0.300  tr_loss= 177.820 rec= 176.808 kl= 3.373  val_loss= 177.816 rec= 176.947 kl= 2.896  (6.1s)
ep 005/80  beta=0.400  tr_loss= 177.503 rec= 176.620 kl= 2.208  val_loss= 177.751 rec= 177.000 kl= 1.879  (6.1s)
ep 006/80  beta=0.500  tr_loss= 177.230 rec= 176.316 kl= 1.828  val_loss= 177.312 rec= 176.404 kl= 1.817  (6.1s)
ep 007/80  beta=0.600  tr_loss= 177.188 rec= 176.144 kl= 1.740  val_loss= 177.409 rec= 176.365 kl= 1.740  (6.1s)
ep 008/80  beta=0.700  tr_loss= 177.192 rec= 176.034 kl= 1.655  val_loss= 177.570 rec= 176.491 kl= 1.541  (6.1s)
ep 009/80  beta=0.800  tr_loss= 177.313 rec= 176.017 kl= 1.620  val_loss= 177.456 rec= 176.164 kl= 1.615  (6.1s)
ep 010/80  beta=0.900  tr_loss= 177.453 rec= 176.030 kl= 1.580  val_loss= 177.729 rec= 176.246 kl= 1.648  (6.1s)
ep 011/80  beta=1.000  tr_loss= 177.450 rec= 175.871 kl= 1.578  val_loss= 177.841 rec= 176.362 kl= 1.479  (6.1s)
ep 012/80  beta=1.000  tr_loss= 177.283 rec= 175.691 kl= 1.592  val_loss= 177.527 rec= 176.023 kl= 1.503  (6.2s)
ep 013/80  beta=1.000  tr_loss= 177.265 rec= 175.635 kl= 1.630  val_loss= 177.397 rec= 175.740 kl= 1.657  (6.1s)
ep 014/80  beta=1.000  tr_loss= 177.179 rec= 175.496 kl= 1.683  val_loss= 177.481 rec= 175.982 kl= 1.499  (6.1s)
ep 015/80  beta=1.000  tr_loss= 177.109 rec= 175.414 kl= 1.694  val_loss= 177.353 rec= 175.622 kl= 1.731  (6.1s)
ep 016/80  beta=1.000  tr_loss= 177.026 rec= 175.312 kl= 1.714  val_loss= 177.508 rec= 175.672 kl= 1.835  (6.1s)
ep 017/80  beta=1.000  tr_loss= 176.966 rec= 175.211 kl= 1.755  val_loss= 177.371 rec= 175.708 kl= 1.663  (6.1s)
ep 018/80  beta=1.000  tr_loss= 176.961 rec= 175.168 kl= 1.793  val_loss= 177.283 rec= 175.311 kl= 1.973  (6.1s)
ep 019/80  beta=1.000  tr_loss= 176.863 rec= 175.025 kl= 1.837  val_loss= 177.204 rec= 175.466 kl= 1.738  (6.1s)
ep 020/80  beta=1.000  tr_loss= 176.759 rec= 174.887 kl= 1.872  val_loss= 177.068 rec= 175.141 kl= 1.927  (6.2s)
ep 021/80  beta=1.000  tr_loss= 176.703 rec= 174.808 kl= 1.896  val_loss= 177.077 rec= 175.099 kl= 1.978  (6.1s)
ep 022/80  beta=1.000  tr_loss= 176.610 rec= 174.667 kl= 1.943  val_loss= 176.966 rec= 175.112 kl= 1.853  (6.1s)
ep 023/80  beta=1.000  tr_loss= 176.526 rec= 174.534 kl= 1.991  val_loss= 176.923 rec= 174.922 kl= 2.001  (6.1s)
ep 024/80  beta=1.000  tr_loss= 176.419 rec= 174.385 kl= 2.034  val_loss= 176.785 rec= 174.690 kl= 2.095  (6.2s)
ep 025/80  beta=1.000  tr_loss= 176.371 rec= 174.328 kl= 2.043  val_loss= 176.634 rec= 174.515 kl= 2.119  (6.1s)
ep 026/80  beta=1.000  tr_loss= 176.329 rec= 174.247 kl= 2.083  val_loss= 177.048 rec= 174.810 kl= 2.238  (6.1s)
ep 027/80  beta=1.000  tr_loss= 176.266 rec= 174.137 kl= 2.129  val_loss= 176.494 rec= 174.419 kl= 2.075  (6.1s)
ep 028/80  beta=1.000  tr_loss= 176.152 rec= 174.007 kl= 2.145  val_loss= 176.633 rec= 174.500 kl= 2.133  (6.1s)
ep 029/80  beta=1.000  tr_loss= 176.071 rec= 173.898 kl= 2.173  val_loss= 176.546 rec= 174.377 kl= 2.169  (6.2s)
ep 030/80  beta=1.000  tr_loss= 176.009 rec= 173.813 kl= 2.196  val_loss= 176.277 rec= 174.174 kl= 2.103  (6.1s)
ep 031/80  beta=1.000  tr_loss= 175.944 rec= 173.691 kl= 2.253  val_loss= 176.256 rec= 174.083 kl= 2.173  (6.1s)
ep 032/80  beta=1.000  tr_loss= 175.844 rec= 173.548 kl= 2.296  val_loss= 176.225 rec= 173.861 kl= 2.364  (6.1s)
ep 033/80  beta=1.000  tr_loss= 175.530 rec= 173.056 kl= 2.474  val_loss= 175.580 rec= 173.007 kl= 2.573  (6.1s)
ep 034/80  beta=1.000  tr_loss= 174.950 rec= 172.195 kl= 2.754  val_loss= 175.335 rec= 172.378 kl= 2.957  (6.2s)
ep 035/80  beta=1.000  tr_loss= 174.494 rec= 171.610 kl= 2.884  val_loss= 174.492 rec= 171.581 kl= 2.912  (6.2s)
ep 036/80  beta=1.000  tr_loss= 173.914 rec= 170.875 kl= 3.040  val_loss= 173.978 rec= 170.886 kl= 3.093  (6.1s)
ep 037/80  beta=1.000  tr_loss= 173.359 rec= 170.200 kl= 3.159  val_loss= 173.479 rec= 170.245 kl= 3.234  (6.1s)
ep 038/80  beta=1.000  tr_loss= 173.039 rec= 169.835 kl= 3.204  val_loss= 173.062 rec= 169.809 kl= 3.253  (6.1s)
ep 039/80  beta=1.000  tr_loss= 172.620 rec= 169.287 kl= 3.333  val_loss= 172.956 rec= 169.743 kl= 3.213  (6.1s)
ep 040/80  beta=1.000  tr_loss= 172.310 rec= 168.881 kl= 3.429  val_loss= 172.593 rec= 169.150 kl= 3.443  (6.1s)
ep 041/80  beta=1.000  tr_loss= 171.989 rec= 168.512 kl= 3.477  val_loss= 172.381 rec= 168.843 kl= 3.538  (6.1s)
ep 042/80  beta=1.000  tr_loss= 171.768 rec= 168.222 kl= 3.547  val_loss= 172.366 rec= 168.680 kl= 3.687  (6.1s)
ep 043/80  beta=1.000  tr_loss= 171.529 rec= 167.878 kl= 3.651  val_loss= 171.692 rec= 168.005 kl= 3.688  (6.1s)
ep 044/80  beta=1.000  tr_loss= 170.918 rec= 167.089 kl= 3.829  val_loss= 171.071 rec= 167.029 kl= 4.041  (6.2s)
ep 045/80  beta=1.000  tr_loss= 170.002 rec= 165.873 kl= 4.129  val_loss= 171.020 rec= 166.795 kl= 4.225  (6.1s)
ep 046/80  beta=1.000  tr_loss= 169.020 rec= 164.581 kl= 4.439  val_loss= 169.580 rec= 165.244 kl= 4.336  (6.1s)
ep 047/80  beta=1.000  tr_loss= 167.568 rec= 162.798 kl= 4.770  val_loss= 167.266 rec= 162.441 kl= 4.825  (6.3s)
ep 048/80  beta=1.000  tr_loss= 166.157 rec= 161.090 kl= 5.067  val_loss= 165.951 rec= 160.784 kl= 5.167  (6.1s)
ep 049/80  beta=1.000  tr_loss= 164.738 rec= 159.444 kl= 5.294  val_loss= 165.762 rec= 160.389 kl= 5.373  (6.2s)
ep 050/80  beta=1.000  tr_loss= 163.316 rec= 157.701 kl= 5.616  val_loss= 163.723 rec= 158.088 kl= 5.635  (6.1s)
ep 051/80  beta=1.000  tr_loss= 161.950 rec= 156.041 kl= 5.910  val_loss= 162.179 rec= 156.107 kl= 6.071  (6.3s)
ep 052/80  beta=1.000  tr_loss= 160.703 rec= 154.461 kl= 6.242  val_loss= 161.435 rec= 155.081 kl= 6.355  (6.2s)
ep 053/80  beta=1.000  tr_loss= 158.997 rec= 152.482 kl= 6.515  val_loss= 159.441 rec= 152.576 kl= 6.865  (6.1s)
ep 054/80  beta=1.000  tr_loss= 157.397 rec= 150.459 kl= 6.938  val_loss= 158.553 rec= 151.580 kl= 6.973  (6.1s)
ep 055/80  beta=1.000  tr_loss= 155.117 rec= 147.774 kl= 7.343  val_loss= 155.558 rec= 147.828 kl= 7.730  (6.1s)
ep 056/80  beta=1.000  tr_loss= 152.244 rec= 144.446 kl= 7.799  val_loss= 151.715 rec= 143.689 kl= 8.026  (6.1s)
ep 057/80  beta=1.000  tr_loss= 149.897 rec= 141.756 kl= 8.142  val_loss= 149.834 rec= 141.856 kl= 7.979  (6.1s)
ep 058/80  beta=1.000  tr_loss= 147.199 rec= 138.641 kl= 8.558  val_loss= 147.100 rec= 138.124 kl= 8.976  (6.2s)
ep 059/80  beta=1.000  tr_loss= 144.741 rec= 135.794 kl= 8.946  val_loss= 144.293 rec= 135.242 kl= 9.051  (6.1s)
ep 060/80  beta=1.000  tr_loss= 142.298 rec= 132.990 kl= 9.308  val_loss= 143.326 rec= 133.773 kl= 9.553  (6.1s)
ep 061/80  beta=1.000  tr_loss= 139.599 rec= 129.788 kl= 9.811  val_loss= 139.507 rec= 129.554 kl= 9.954  (6.3s)
ep 062/80  beta=1.000  tr_loss= 137.316 rec= 127.190 kl=10.126  val_loss= 136.732 rec= 126.485 kl=10.246  (6.1s)
ep 063/80  beta=1.000  tr_loss= 135.383 rec= 124.887 kl=10.496  val_loss= 135.438 rec= 124.652 kl=10.787  (6.1s)
ep 064/80  beta=1.000  tr_loss= 132.739 rec= 121.952 kl=10.787  val_loss= 133.322 rec= 122.503 kl=10.819  (6.1s)
ep 065/80  beta=1.000  tr_loss= 130.330 rec= 119.285 kl=11.045  val_loss= 130.473 rec= 119.342 kl=11.131  (6.1s)
ep 066/80  beta=1.000  tr_loss= 128.462 rec= 117.131 kl=11.331  val_loss= 128.799 rec= 117.268 kl=11.530  (6.1s)
ep 067/80  beta=1.000  tr_loss= 126.285 rec= 114.695 kl=11.590  val_loss= 128.551 rec= 117.189 kl=11.362  (6.2s)
ep 068/80  beta=1.000  tr_loss= 124.517 rec= 112.770 kl=11.747  val_loss= 125.904 rec= 114.194 kl=11.710  (6.2s)
ep 069/80  beta=1.000  tr_loss= 122.557 rec= 110.564 kl=11.993  val_loss= 123.462 rec= 111.760 kl=11.702  (6.1s)
ep 070/80  beta=1.000  tr_loss= 120.120 rec= 107.837 kl=12.282  val_loss= 120.235 rec= 107.862 kl=12.373  (6.1s)
ep 071/80  beta=1.000  tr_loss= 118.180 rec= 105.721 kl=12.459  val_loss= 118.258 rec= 105.894 kl=12.364  (6.3s)
ep 072/80  beta=1.000  tr_loss= 116.053 rec= 103.453 kl=12.600  val_loss= 116.063 rec= 103.181 kl=12.882  (6.2s)
ep 073/80  beta=1.000  tr_loss= 114.142 rec= 101.271 kl=12.871  val_loss= 115.251 rec= 102.132 kl=13.119  (6.1s)
ep 074/80  beta=1.000  tr_loss= 112.468 rec=  99.424 kl=13.044  val_loss= 113.064 rec=  99.811 kl=13.253  (6.2s)
ep 075/80  beta=1.000  tr_loss= 110.927 rec=  97.695 kl=13.233  val_loss= 112.877 rec=  99.521 kl=13.356  (6.1s)
ep 076/80  beta=1.000  tr_loss= 109.271 rec=  95.951 kl=13.320  val_loss= 110.858 rec=  97.612 kl=13.246  (6.1s)
ep 077/80  beta=1.000  tr_loss= 107.211 rec=  93.686 kl=13.525  val_loss= 109.220 rec=  95.190 kl=14.030  (6.1s)
ep 078/80  beta=1.000  tr_loss= 106.217 rec=  92.561 kl=13.656  val_loss= 107.927 rec=  93.939 kl=13.988  (6.3s)
ep 079/80  beta=1.000  tr_loss= 105.012 rec=  91.274 kl=13.738  val_loss= 105.572 rec=  91.515 kl=14.057  (6.2s)
ep 080/80  beta=1.000  tr_loss= 103.568 rec=  89.672 kl=13.895  val_loss= 103.277 rec=  89.321 kl=13.956  (6.1s)
correlations: {
  "z_vs_gt": {
    "z0_vs_a": 0.8619577884674072,
    "z1_vs_a": 0.31887516379356384,
    "z2_vs_a": 0.2252473086118698,
    "z3_vs_a": 0.09615270048379898,
    "z4_vs_a": 0.3091396987438202,
    "z0_vs_theta": 0.005914540961384773,
    "z1_vs_theta": 0.004733263980597258,
    "z2_vs_theta": 0.07359805703163147,
    "z3_vs_theta": 0.018414393067359924,
    "z4_vs_theta": 0.04961039498448372,
    "z0_vs_tx": 0.03952924907207489,
    "z1_vs_tx": 0.022084688767790794,
    "z2_vs_tx": 0.014322853647172451,
    "z3_vs_tx": 0.00031932571437209845,
    "z4_vs_tx": 0.026666123420000076,
    "z0_vs_ty": 0.017988616600632668,
    "z1_vs_ty": 0.003258105833083391,
    "z2_vs_ty": 0.03821856528520584,
    "z3_vs_ty": 0.007520273327827454,
    "z4_vs_ty": 0.01949477195739746
  },
  "nuis_vs_gt": {}
}
done -> /home/stevens/replicate_2439897/run
